[30/Dec/2016 11:27:35] "GET / HTTP/1.1" 200 5126
[30/Dec/2016 11:27:35] "GET /assets/css/ie10-viewport-bug-workaround.css HTTP/1.1" 404 4568
[30/Dec/2016 11:27:42] "GET /home/ HTTP/1.1" 200 4985
[30/Dec/2016 11:27:43] "GET /assets/css/ie10-viewport-bug-workaround.css HTTP/1.1" 404 4568
[30/Dec/2016 11:27:44] "GET /addbook/ HTTP/1.1" 200 5304
[30/Dec/2016 11:27:45] "GET /assets/css/ie10-viewport-bug-workaround.css HTTP/1.1" 404 4568
[30/Dec/2016 11:29:41] "GET / HTTP/1.1" 200 5126
[30/Dec/2016 11:29:41] "GET /assets/css/ie10-viewport-bug-workaround.css HTTP/1.1" 404 4568
[30/Dec/2016 11:35:57] "POST / HTTP/1.1" 302 0
[30/Dec/2016 11:35:57] "GET /profile/ HTTP/1.1" 200 4574
[30/Dec/2016 11:35:57] "GET /static/css/navbar-static-top.css HTTP/1.1" 200 78
[30/Dec/2016 11:35:57] "GET /assets/css/ie10-viewport-bug-workaround.css HTTP/1.1" 404 4568
[30/Dec/2016 11:35:57] "GET /static/js/ie10-viewport-bug-workaround.js HTTP/1.1" 200 641
[30/Dec/2016 11:35:57] "GET /static/js/bootstrap.min.js HTTP/1.1" 200 37046
[30/Dec/2016 11:35:57] "GET /static/css/bootstrap.min.css HTTP/1.1" 200 121201
[30/Dec/2016 11:36:01] "GET /movies/ HTTP/1.1" 200 6161
[30/Dec/2016 11:36:01] "GET /assets/css/ie10-viewport-bug-workaround.css HTTP/1.1" 404 4568
[30/Dec/2016 11:36:02] "GET /static/movies/images/icon/{{name.image1.url}} HTTP/1.1" 404 1731
[30/Dec/2016 11:36:02] "GET /music/ HTTP/1.1" 200 5680
[30/Dec/2016 11:36:03] "GET /assets/css/ie10-viewport-bug-workaround.css HTTP/1.1" 404 4568
[30/Dec/2016 11:36:03] "GET /places/ HTTP/1.1" 200 7449
[30/Dec/2016 11:36:04] "GET /assets/css/ie10-viewport-bug-workaround.css HTTP/1.1" 404 4568
[30/Dec/2016 11:36:05] "GET /home/ HTTP/1.1" 200 4985
[30/Dec/2016 11:36:05] "GET /assets/css/ie10-viewport-bug-workaround.css HTTP/1.1" 404 4568
